This is pdfTeX, Version 3.141592653-2.6-1.40.22 (TeX Live 2022/dev/Debian) (preloaded format=pdflatex 2022.8.20)  27 SEP 2022 09:22
entering extended mode
 \write18 enabled.
 %&-line parsing enabled.
**62-appendicies.tex
(./62-appendicies.tex
LaTeX2e <2021-11-15> patch level 1
L3 programming layer <2022-01-21>

! LaTeX Error: Environment appendices undefined.

See the LaTeX manual or LaTeX Companion for explanation.
Type  H <return>  for immediate help.
 ...                                              
                                                  
l.1 \begin{appendices}
                      
Your command was ignored.
Type  I <command> <return>  to replace it with another command,
or  <return>  to continue without it.

! Undefined control sequence.
l.2     \chapter
                {SQL-—Å–∫—Ä–∏–ø—Ç—ã}
The control sequence at the end of the top line
of your error message was never \def'ed. If you have
misspelled it (e.g., `\hobx'), type `I' and the correct
spelling (e.g., `I\hbox'). Otherwise just continue,
and I'll forget about whatever was undefined.


! LaTeX Error: Missing \begin{document}.

See the LaTeX manual or LaTeX Companion for explanation.
Type  H <return>  for immediate help.
 ...                                              
                                                  
l.2     \chapter{S
                  QL-—Å–∫—Ä–∏–ø—Ç—ã}
You're in trouble here.  Try typing  <return>  to proceed.
If that doesn't work, type  X <return>  to quit.

Missing character: There is no S in font nullfont!
Missing character: There is no Q in font nullfont!
Missing character: There is no L in font nullfont!
Missing character: There is no - in font nullfont!

! LaTeX Error: Unicode character —Å (U+0441)
               not set up for use with LaTeX.

See the LaTeX manual or LaTeX Companion for explanation.
Type  H <return>  for immediate help.
 ...                                              
                                                  
l.2     \chapter{SQL-—Å
                       –∫—Ä–∏–ø—Ç—ã}
You may provide a definition with
\DeclareUnicodeCharacter 


! LaTeX Error: Unicode character –∫ (U+043A)
               not set up for use with LaTeX.

See the LaTeX manual or LaTeX Companion for explanation.
Type  H <return>  for immediate help.
 ...                                              
                                                  
l.2     \chapter{SQL-—Å–∫
                         —Ä–∏–ø—Ç—ã}
You may provide a definition with
\DeclareUnicodeCharacter 


! LaTeX Error: Unicode character —Ä (U+0440)
               not set up for use with LaTeX.

See the LaTeX manual or LaTeX Companion for explanation.
Type  H <return>  for immediate help.
 ...                                              
                                                  
l.2     \chapter{SQL-—Å–∫—Ä
                           –∏–ø—Ç—ã}
You may provide a definition with
\DeclareUnicodeCharacter 


! LaTeX Error: Unicode character –∏ (U+0438)
               not set up for use with LaTeX.

See the LaTeX manual or LaTeX Companion for explanation.
Type  H <return>  for immediate help.
 ...                                              
                                                  
l.2     \chapter{SQL-—Å–∫—Ä–∏
                             –ø—Ç—ã}
You may provide a definition with
\DeclareUnicodeCharacter 


! LaTeX Error: Unicode character –ø (U+043F)
               not set up for use with LaTeX.

See the LaTeX manual or LaTeX Companion for explanation.
Type  H <return>  for immediate help.
 ...                                              
                                                  
l.2     \chapter{SQL-—Å–∫—Ä–∏–ø
                               —Ç—ã}
You may provide a definition with
\DeclareUnicodeCharacter 


! LaTeX Error: Unicode character —Ç (U+0442)
               not set up for use with LaTeX.

See the LaTeX manual or LaTeX Companion for explanation.
Type  H <return>  for immediate help.
 ...                                              
                                                  
l.2     \chapter{SQL-—Å–∫—Ä–∏–ø—Ç
                                 —ã}
You may provide a definition with
\DeclareUnicodeCharacter 


! LaTeX Error: Unicode character —ã (U+044B)
               not set up for use with LaTeX.

See the LaTeX manual or LaTeX Companion for explanation.
Type  H <return>  for immediate help.
 ...                                              
                                                  
l.2     \chapter{SQL-—Å–∫—Ä–∏–ø—Ç—ã
                                   }
You may provide a definition with
\DeclareUnicodeCharacter 


Overfull \hbox (20.0pt too wide) in paragraph at lines 2--3
[] 
 []


! LaTeX Error: Unicode character –í (U+0412)
               not set up for use with LaTeX.

See the LaTeX manual or LaTeX Companion for explanation.
Type  H <return>  for immediate help.
 ...                                              
                                                  
l.4  	–í
         –õ–∏—Å—Ç–∏–Ω–≥–∞—Ö \ref{lst:sql-1}-\ref{lst:sql-6} –ø—Ä–µ–¥—Å—Ç–∞–≤...

You may provide a definition with
\DeclareUnicodeCharacter 


! LaTeX Error: Unicode character –õ (U+041B)
               not set up for use with LaTeX.

See the LaTeX manual or LaTeX Companion for explanation.
Type  H <return>  for immediate help.
 ...                                              
                                                  
l.4  	–í –õ
           –∏—Å—Ç–∏–Ω–≥–∞—Ö \ref{lst:sql-1}-\ref{lst:sql-6} –ø—Ä–µ–¥—Å—Ç–∞–≤...

You may provide a definition with
\DeclareUnicodeCharacter 


! LaTeX Error: Unicode character –∏ (U+0438)
               not set up for use with LaTeX.

See the LaTeX manual or LaTeX Companion for explanation.
Type  H <return>  for immediate help.
 ...                                              
                                                  
l.4  	–í –õ–∏
             —Å—Ç–∏–Ω–≥–∞—Ö \ref{lst:sql-1}-\ref{lst:sql-6} –ø—Ä–µ–¥—Å—Ç–∞–≤...

You may provide a definition with
\DeclareUnicodeCharacter 


! LaTeX Error: Unicode character —Å (U+0441)
               not set up for use with LaTeX.

See the LaTeX manual or LaTeX Companion for explanation.
Type  H <return>  for immediate help.
 ...                                              
                                                  
l.4  	–í –õ–∏—Å
               —Ç–∏–Ω–≥–∞—Ö \ref{lst:sql-1}-\ref{lst:sql-6} –ø—Ä–µ–¥—Å—Ç–∞–≤...

You may provide a definition with
\DeclareUnicodeCharacter 


! LaTeX Error: Unicode character —Ç (U+0442)
               not set up for use with LaTeX.

See the LaTeX manual or LaTeX Companion for explanation.
Type  H <return>  for immediate help.
 ...                                              
                                                  
l.4  	–í –õ–∏—Å—Ç
                 –∏–Ω–≥–∞—Ö \ref{lst:sql-1}-\ref{lst:sql-6} –ø—Ä–µ–¥—Å—Ç–∞–≤...

You may provide a definition with
\DeclareUnicodeCharacter 


! LaTeX Error: Unicode character –∏ (U+0438)
               not set up for use with LaTeX.

See the LaTeX manual or LaTeX Companion for explanation.
Type  H <return>  for immediate help.
 ...                                              
                                                  
l.4  	–í –õ–∏—Å—Ç–∏
                   –Ω–≥–∞—Ö \ref{lst:sql-1}-\ref{lst:sql-6} –ø—Ä–µ–¥—Å—Ç–∞–≤...

You may provide a definition with
\DeclareUnicodeCharacter 


! LaTeX Error: Unicode character –Ω (U+043D)
               not set up for use with LaTeX.

See the LaTeX manual or LaTeX Companion for explanation.
Type  H <return>  for immediate help.
 ...                                              
                                                  
l.4  	–í –õ–∏—Å—Ç–∏–Ω
                     –≥–∞—Ö \ref{lst:sql-1}-\ref{lst:sql-6} –ø—Ä–µ–¥—Å—Ç–∞–≤...

You may provide a definition with
\DeclareUnicodeCharacter 


! LaTeX Error: Unicode character –≥ (U+0433)
               not set up for use with LaTeX.

See the LaTeX manual or LaTeX Companion for explanation.
Type  H <return>  for immediate help.
 ...                                              
                                                  
l.4  	–í –õ–∏—Å—Ç–∏–Ω–≥
                       –∞—Ö \ref{lst:sql-1}-\ref{lst:sql-6} –ø—Ä–µ–¥—Å—Ç–∞–≤...

You may provide a definition with
\DeclareUnicodeCharacter 


! LaTeX Error: Unicode character –∞ (U+0430)
               not set up for use with LaTeX.

See the LaTeX manual or LaTeX Companion for explanation.
Type  H <return>  for immediate help.
 ...                                              
                                                  
l.4  	–í –õ–∏—Å—Ç–∏–Ω–≥–∞
                         —Ö \ref{lst:sql-1}-\ref{lst:sql-6} –ø—Ä–µ–¥—Å—Ç–∞–≤...

You may provide a definition with
\DeclareUnicodeCharacter 


! LaTeX Error: Unicode character —Ö (U+0445)
               not set up for use with LaTeX.

See the LaTeX manual or LaTeX Companion for explanation.
Type  H <return>  for immediate help.
 ...                                              
                                                  
l.4  	–í –õ–∏—Å—Ç–∏–Ω–≥–∞—Ö
                            \ref{lst:sql-1}-\ref{lst:sql-6} –ø—Ä–µ–¥—Å—Ç–∞–≤...

You may provide a definition with
\DeclareUnicodeCharacter 


! LaTeX Error: Missing \begin{document}.

See the LaTeX manual or LaTeX Companion for explanation.
Type  H <return>  for immediate help.
 ...                                              
                                                  
l.4  	–í –õ–∏—Å—Ç–∏–Ω–≥–∞—Ö \ref{lst:sql-1}
                                           -\ref{lst:sql-6} –ø—Ä–µ–¥—Å—Ç–∞–≤...

You're in trouble here.  Try typing  <return>  to proceed.
If that doesn't work, type  X <return>  to quit.

! Undefined control sequence.
<write> ...Reference `lst:sql-1' on page \thepage 
                                                  \space undefined\on@line .
l.4  	–í –õ–∏—Å—Ç–∏–Ω–≥–∞—Ö \ref{lst:sql-1}
                                           -\ref{lst:sql-6} –ø—Ä–µ–¥—Å—Ç–∞–≤...
The control sequence at the end of the top line
of your error message was never \def'ed. If you have
misspelled it (e.g., `\hobx'), type `I' and the correct
spelling (e.g., `I\hbox'). Otherwise just continue,
and I'll forget about whatever was undefined.


LaTeX Warning: Reference `lst:sql-1' on page  undefined on input line 4.

Missing character: There is no - in font nullfont!
! Undefined control sequence.
<write> ...Reference `lst:sql-6' on page \thepage 
                                                  \space undefined\on@line .
l.4 ...Ç–∏–Ω–≥–∞—Ö \ref{lst:sql-1}-\ref{lst:sql-6}
                                                   –ø—Ä–µ–¥—Å—Ç–∞–≤–ª–µ–Ω—ã ...
The control sequence at the end of the top line
of your error message was never \def'ed. If you have
misspelled it (e.g., `\hobx'), type `I' and the correct
spelling (e.g., `I\hbox'). Otherwise just continue,
and I'll forget about whatever was undefined.


LaTeX Warning: Reference `lst:sql-6' on page  undefined on input line 4.


! LaTeX Error: Unicode character –ø (U+043F)
               not set up for use with LaTeX.

See the LaTeX manual or LaTeX Companion for explanation.
Type  H <return>  for immediate help.
 ...                                              
                                                  
l.4 ...–Ω–≥–∞—Ö \ref{lst:sql-1}-\ref{lst:sql-6} –ø
                                                  —Ä–µ–¥—Å—Ç–∞–≤–ª–µ–Ω—ã SQL...

You may provide a definition with
\DeclareUnicodeCharacter 


! LaTeX Error: Unicode character —Ä (U+0440)
               not set up for use with LaTeX.

See the LaTeX manual or LaTeX Companion for explanation.
Type  H <return>  for immediate help.
 ...                                              
                                                  
l.4 ...–≥–∞—Ö \ref{lst:sql-1}-\ref{lst:sql-6} –ø—Ä
                                                  –µ–¥—Å—Ç–∞–≤–ª–µ–Ω—ã SQL-—...

You may provide a definition with
\DeclareUnicodeCharacter 


! LaTeX Error: Unicode character –µ (U+0435)
               not set up for use with LaTeX.

See the LaTeX manual or LaTeX Companion for explanation.
Type  H <return>  for immediate help.
 ...                                              
                                                  
l.4 ...–∞—Ö \ref{lst:sql-1}-\ref{lst:sql-6} –ø—Ä–µ
                                                  –¥—Å—Ç–∞–≤–ª–µ–Ω—ã SQL-—Å–...

You may provide a definition with
\DeclareUnicodeCharacter 


! LaTeX Error: Unicode character –¥ (U+0434)
               not set up for use with LaTeX.

See the LaTeX manual or LaTeX Companion for explanation.
Type  H <return>  for immediate help.
 ...                                              
                                                  
l.4 ...—Ö \ref{lst:sql-1}-\ref{lst:sql-6} –ø—Ä–µ–¥
                                                  —Å—Ç–∞–≤–ª–µ–Ω—ã SQL-—Å–∫—...

You may provide a definition with
\DeclareUnicodeCharacter 


! LaTeX Error: Unicode character —Å (U+0441)
               not set up for use with LaTeX.

See the LaTeX manual or LaTeX Companion for explanation.
Type  H <return>  for immediate help.
 ...                                              
                                                  
l.4 ... \ref{lst:sql-1}-\ref{lst:sql-6} –ø—Ä–µ–¥—Å
                                                  —Ç–∞–≤–ª–µ–Ω—ã SQL-—Å–∫—Ä–...

You may provide a definition with
\DeclareUnicodeCharacter 


! LaTeX Error: Unicode character —Ç (U+0442)
               not set up for use with LaTeX.

See the LaTeX manual or LaTeX Companion for explanation.
Type  H <return>  for immediate help.
 ...                                              
                                                  
l.4 ...ref{lst:sql-1}-\ref{lst:sql-6} –ø—Ä–µ–¥—Å—Ç
                                                  –∞–≤–ª–µ–Ω—ã SQL-—Å–∫—Ä–∏–...

You may provide a definition with
\DeclareUnicodeCharacter 


! LaTeX Error: Unicode character –∞ (U+0430)
               not set up for use with LaTeX.

See the LaTeX manual or LaTeX Companion for explanation.
Type  H <return>  for immediate help.
 ...                                              
                                                  
l.4 ...f{lst:sql-1}-\ref{lst:sql-6} –ø—Ä–µ–¥—Å—Ç–∞
                                                  –≤–ª–µ–Ω—ã SQL-—Å–∫—Ä–∏–ø—...

You may provide a definition with
\DeclareUnicodeCharacter 


! LaTeX Error: Unicode character –≤ (U+0432)
               not set up for use with LaTeX.

See the LaTeX manual or LaTeX Companion for explanation.
Type  H <return>  for immediate help.
 ...                                              
                                                  
l.4 ...lst:sql-1}-\ref{lst:sql-6} –ø—Ä–µ–¥—Å—Ç–∞–≤
                                                  –ª–µ–Ω—ã SQL-—Å–∫—Ä–∏–ø—Ç—...

You may provide a definition with
\DeclareUnicodeCharacter 


! LaTeX Error: Unicode character –ª (U+043B)
               not set up for use with LaTeX.

See the LaTeX manual or LaTeX Companion for explanation.
Type  H <return>  for immediate help.
 ...                                              
                                                  
l.4 ...t:sql-1}-\ref{lst:sql-6} –ø—Ä–µ–¥—Å—Ç–∞–≤–ª
                                                  –µ–Ω—ã SQL-—Å–∫—Ä–∏–ø—Ç—ã ...

You may provide a definition with
\DeclareUnicodeCharacter 


! LaTeX Error: Unicode character –µ (U+0435)
               not set up for use with LaTeX.

See the LaTeX manual or LaTeX Companion for explanation.
Type  H <return>  for immediate help.
 ...                                              
                                                  
l.4 ...sql-1}-\ref{lst:sql-6} –ø—Ä–µ–¥—Å—Ç–∞–≤–ª–µ
                                                  –Ω—ã SQL-—Å–∫—Ä–∏–ø—Ç—ã —Å...

You may provide a definition with
\DeclareUnicodeCharacter 


! LaTeX Error: Unicode character –Ω (U+043D)
               not set up for use with LaTeX.

See the LaTeX manual or LaTeX Companion for explanation.
Type  H <return>  for immediate help.
 ...                                              
                                                  
l.4 ...l-1}-\ref{lst:sql-6} –ø—Ä–µ–¥—Å—Ç–∞–≤–ª–µ–Ω
                                                  —ã SQL-—Å–∫—Ä–∏–ø—Ç—ã —Å–æ...

You may provide a definition with
\DeclareUnicodeCharacter 


! LaTeX Error: Unicode character —ã (U+044B)
               not set up for use with LaTeX.

See the LaTeX manual or LaTeX Companion for explanation.
Type  H <return>  for immediate help.
 ...                                              
                                                  
l.4 ...1}-\ref{lst:sql-6} –ø—Ä–µ–¥—Å—Ç–∞–≤–ª–µ–Ω—ã
                                                   SQL-—Å–∫—Ä–∏–ø—Ç—ã —Å–æ–∑...

You may provide a definition with
\DeclareUnicodeCharacter 

Missing character: There is no S in font nullfont!
Missing character: There is no Q in font nullfont!
Missing character: There is no L in font nullfont!
Missing character: There is no - in font nullfont!

! LaTeX Error: Unicode character —Å (U+0441)
               not set up for use with LaTeX.

See the LaTeX manual or LaTeX Companion for explanation.
Type  H <return>  for immediate help.
 ...                                              
                                                  
l.4 ...{lst:sql-6} –ø—Ä–µ–¥—Å—Ç–∞–≤–ª–µ–Ω—ã SQL-—Å
                                                  –∫—Ä–∏–ø—Ç—ã —Å–æ–∑–¥–∞–Ω–...

You may provide a definition with
\DeclareUnicodeCharacter 


! LaTeX Error: Unicode character –∫ (U+043A)
               not set up for use with LaTeX.

See the LaTeX manual or LaTeX Companion for explanation.
Type  H <return>  for immediate help.
 ...                                              
                                                  
l.4 ...st:sql-6} –ø—Ä–µ–¥—Å—Ç–∞–≤–ª–µ–Ω—ã SQL-—Å–∫
                                                  —Ä–∏–ø—Ç—ã —Å–æ–∑–¥–∞–Ω–∏—...

You may provide a definition with
\DeclareUnicodeCharacter 


! LaTeX Error: Unicode character —Ä (U+0440)
               not set up for use with LaTeX.

See the LaTeX manual or LaTeX Companion for explanation.
Type  H <return>  for immediate help.
 ...                                              
                                                  
l.4 ...:sql-6} –ø—Ä–µ–¥—Å—Ç–∞–≤–ª–µ–Ω—ã SQL-—Å–∫—Ä
                                                  –∏–ø—Ç—ã —Å–æ–∑–¥–∞–Ω–∏—è ...

You may provide a definition with
\DeclareUnicodeCharacter 


! LaTeX Error: Unicode character –∏ (U+0438)
               not set up for use with LaTeX.

See the LaTeX manual or LaTeX Companion for explanation.
Type  H <return>  for immediate help.
 ...                                              
                                                  
l.4 ...ql-6} –ø—Ä–µ–¥—Å—Ç–∞–≤–ª–µ–Ω—ã SQL-—Å–∫—Ä–∏
                                                  –ø—Ç—ã —Å–æ–∑–¥–∞–Ω–∏—è –±...

You may provide a definition with
\DeclareUnicodeCharacter 


! LaTeX Error: Unicode character –ø (U+043F)
               not set up for use with LaTeX.

See the LaTeX manual or LaTeX Companion for explanation.
Type  H <return>  for immediate help.
 ...                                              
                                                  
l.4 ...-6} –ø—Ä–µ–¥—Å—Ç–∞–≤–ª–µ–Ω—ã SQL-—Å–∫—Ä–∏–ø
                                                  —Ç—ã —Å–æ–∑–¥–∞–Ω–∏—è –±–∞...

You may provide a definition with
\DeclareUnicodeCharacter 


! LaTeX Error: Unicode character —Ç (U+0442)
               not set up for use with LaTeX.

See the LaTeX manual or LaTeX Companion for explanation.
Type  H <return>  for immediate help.
 ...                                              
                                                  
l.4 ...} –ø—Ä–µ–¥—Å—Ç–∞–≤–ª–µ–Ω—ã SQL-—Å–∫—Ä–∏–ø—Ç
                                                  —ã —Å–æ–∑–¥–∞–Ω–∏—è –±–∞–∑...

You may provide a definition with
\DeclareUnicodeCharacter 


! LaTeX Error: Unicode character —ã (U+044B)
               not set up for use with LaTeX.

See the LaTeX manual or LaTeX Companion for explanation.
Type  H <return>  for immediate help.
 ...                                              
                                                  
l.4 ...–ø—Ä–µ–¥—Å—Ç–∞–≤–ª–µ–Ω—ã SQL-—Å–∫—Ä–∏–ø—Ç—ã
                                                   —Å–æ–∑–¥–∞–Ω–∏—è –±–∞–∑—ã...

You may provide a definition with
\DeclareUnicodeCharacter 


! LaTeX Error: Unicode character —Å (U+0441)
               not set up for use with LaTeX.

See the LaTeX manual or LaTeX Companion for explanation.
Type  H <return>  for immediate help.
 ...                                              
                                                  
l.4 ...Ä–µ–¥—Å—Ç–∞–≤–ª–µ–Ω—ã SQL-—Å–∫—Ä–∏–ø—Ç—ã —Å
                                                  –æ–∑–¥–∞–Ω–∏—è –±–∞–∑—ã –¥...

You may provide a definition with
\DeclareUnicodeCharacter 


! LaTeX Error: Unicode character –æ (U+043E)
               not set up for use with LaTeX.

See the LaTeX manual or LaTeX Companion for explanation.
Type  H <return>  for immediate help.
 ...                                              
                                                  
l.4 ...µ–¥—Å—Ç–∞–≤–ª–µ–Ω—ã SQL-—Å–∫—Ä–∏–ø—Ç—ã —Å–æ
                                                  –∑–¥–∞–Ω–∏—è –±–∞–∑—ã –¥–∞...

You may provide a definition with
\DeclareUnicodeCharacter 


! LaTeX Error: Unicode character –∑ (U+0437)
               not set up for use with LaTeX.

See the LaTeX manual or LaTeX Companion for explanation.
Type  H <return>  for immediate help.
 ...                                              
                                                  
l.4 ...¥—Å—Ç–∞–≤–ª–µ–Ω—ã SQL-—Å–∫—Ä–∏–ø—Ç—ã —Å–æ–∑
                                                  –¥–∞–Ω–∏—è –±–∞–∑—ã –¥–∞–Ω...

You may provide a definition with
\DeclareUnicodeCharacter 


! LaTeX Error: Unicode character –¥ (U+0434)
               not set up for use with LaTeX.

See the LaTeX manual or LaTeX Companion for explanation.
Type  H <return>  for immediate help.
 ...                                              
                                                  
l.4 ...Å—Ç–∞–≤–ª–µ–Ω—ã SQL-—Å–∫—Ä–∏–ø—Ç—ã —Å–æ–∑–¥
                                                  –∞–Ω–∏—è –±–∞–∑—ã –¥–∞–Ω–Ω...

You may provide a definition with
\DeclareUnicodeCharacter 


! LaTeX Error: Unicode character –∞ (U+0430)
               not set up for use with LaTeX.

See the LaTeX manual or LaTeX Companion for explanation.
Type  H <return>  for immediate help.
 ...                                              
                                                  
l.4 ...Ç–∞–≤–ª–µ–Ω—ã SQL-—Å–∫—Ä–∏–ø—Ç—ã —Å–æ–∑–¥–∞
                                                  –Ω–∏—è –±–∞–∑—ã –¥–∞–Ω–Ω—ã...

You may provide a definition with
\DeclareUnicodeCharacter 


! LaTeX Error: Unicode character –Ω (U+043D)
               not set up for use with LaTeX.

See the LaTeX manual or LaTeX Companion for explanation.
Type  H <return>  for immediate help.
 ...                                              
                                                  
l.4 ...∞–≤–ª–µ–Ω—ã SQL-—Å–∫—Ä–∏–ø—Ç—ã —Å–æ–∑–¥–∞–Ω
                                                  –∏—è –±–∞–∑—ã –¥–∞–Ω–Ω—ã—Ö...

You may provide a definition with
\DeclareUnicodeCharacter 


! LaTeX Error: Unicode character –∏ (U+0438)
               not set up for use with LaTeX.

See the LaTeX manual or LaTeX Companion for explanation.
Type  H <return>  for immediate help.
 ...                                              
                                                  
l.4 ...≤–ª–µ–Ω—ã SQL-—Å–∫—Ä–∏–ø—Ç—ã —Å–æ–∑–¥–∞–Ω–∏
                                                  —è –±–∞–∑—ã –¥–∞–Ω–Ω—ã—Ö, ...

You may provide a definition with
\DeclareUnicodeCharacter 


! LaTeX Error: Unicode character —è (U+044F)
               not set up for use with LaTeX.

See the LaTeX manual or LaTeX Companion for explanation.
Type  H <return>  for immediate help.
 ...                                              
                                                  
l.4 ...ª–µ–Ω—ã SQL-—Å–∫—Ä–∏–ø—Ç—ã —Å–æ–∑–¥–∞–Ω–∏—è
                                                   –±–∞–∑—ã –¥–∞–Ω–Ω—ã—Ö, —Å...

You may provide a definition with
\DeclareUnicodeCharacter 


! LaTeX Error: Unicode character –± (U+0431)
               not set up for use with LaTeX.

See the LaTeX manual or LaTeX Companion for explanation.
Type  H <return>  for immediate help.
 ...                                              
                                                  
l.4 ...–Ω—ã SQL-—Å–∫—Ä–∏–ø—Ç—ã —Å–æ–∑–¥–∞–Ω–∏—è –±
                                                  –∞–∑—ã –¥–∞–Ω–Ω—ã—Ö, —Å–æ–...

You may provide a definition with
\DeclareUnicodeCharacter 


! LaTeX Error: Unicode character –∞ (U+0430)
               not set up for use with LaTeX.

See the LaTeX manual or LaTeX Companion for explanation.
Type  H <return>  for immediate help.
 ...                                              
                                                  
l.4 ...—ã SQL-—Å–∫—Ä–∏–ø—Ç—ã —Å–æ–∑–¥–∞–Ω–∏—è –±–∞
                                                  –∑—ã –¥–∞–Ω–Ω—ã—Ö, —Å–æ–∑–...

You may provide a definition with
\DeclareUnicodeCharacter 


! LaTeX Error: Unicode character –∑ (U+0437)
               not set up for use with LaTeX.

See the LaTeX manual or LaTeX Companion for explanation.
Type  H <return>  for immediate help.
 ...                                              
                                                  
l.4 ... SQL-—Å–∫—Ä–∏–ø—Ç—ã —Å–æ–∑–¥–∞–Ω–∏—è –±–∞–∑
                                                  —ã –¥–∞–Ω–Ω—ã—Ö, —Å–æ–∑–¥–...

You may provide a definition with
\DeclareUnicodeCharacter 


! LaTeX Error: Unicode character —ã (U+044B)
               not set up for use with LaTeX.

See the LaTeX manual or LaTeX Companion for explanation.
Type  H <return>  for immediate help.
 ...                                              
                                                  
l.4 ...QL-—Å–∫—Ä–∏–ø—Ç—ã —Å–æ–∑–¥–∞–Ω–∏—è –±–∞–∑—ã
                                                   –¥–∞–Ω–Ω—ã—Ö, —Å–æ–∑–¥–∞–...

You may provide a definition with
\DeclareUnicodeCharacter 


! LaTeX Error: Unicode character –¥ (U+0434)
               not set up for use with LaTeX.

See the LaTeX manual or LaTeX Companion for explanation.
Type  H <return>  for immediate help.
 ...                                              
                                                  
l.4 ...—Å–∫—Ä–∏–ø—Ç—ã —Å–æ–∑–¥–∞–Ω–∏—è –±–∞–∑—ã –¥
                                                  –∞–Ω–Ω—ã—Ö, —Å–æ–∑–¥–∞–Ω–∏...

You may provide a definition with
\DeclareUnicodeCharacter 


! LaTeX Error: Unicode character –∞ (U+0430)
               not set up for use with LaTeX.

See the LaTeX manual or LaTeX Companion for explanation.
Type  H <return>  for immediate help.
 ...                                              
                                                  
l.4 ...–∫—Ä–∏–ø—Ç—ã —Å–æ–∑–¥–∞–Ω–∏—è –±–∞–∑—ã –¥–∞
                                                  –Ω–Ω—ã—Ö, —Å–æ–∑–¥–∞–Ω–∏—è...

You may provide a definition with
\DeclareUnicodeCharacter 


! LaTeX Error: Unicode character –Ω (U+043D)
               not set up for use with LaTeX.

See the LaTeX manual or LaTeX Companion for explanation.
Type  H <return>  for immediate help.
 ...                                              
                                                  
l.4 ...—Ä–∏–ø—Ç—ã —Å–æ–∑–¥–∞–Ω–∏—è –±–∞–∑—ã –¥–∞–Ω
                                                  –Ω—ã—Ö, —Å–æ–∑–¥–∞–Ω–∏—è —...

You may provide a definition with
\DeclareUnicodeCharacter 


! LaTeX Error: Unicode character –Ω (U+043D)
               not set up for use with LaTeX.

See the LaTeX manual or LaTeX Companion for explanation.
Type  H <return>  for immediate help.
 ...                                              
                                                  
l.4 ...–∏–ø—Ç—ã —Å–æ–∑–¥–∞–Ω–∏—è –±–∞–∑—ã –¥–∞–Ω–Ω
                                                  —ã—Ö, —Å–æ–∑–¥–∞–Ω–∏—è —Ç–...

You may provide a definition with
\DeclareUnicodeCharacter 


! LaTeX Error: Unicode character —ã (U+044B)
               not set up for use with LaTeX.

See the LaTeX manual or LaTeX Companion for explanation.
Type  H <return>  for immediate help.
 ...                                              
                                                  
l.4 ...–ø—Ç—ã —Å–æ–∑–¥–∞–Ω–∏—è –±–∞–∑—ã –¥–∞–Ω–Ω—ã
                                                  —Ö, —Å–æ–∑–¥–∞–Ω–∏—è —Ç–∞–...

You may provide a definition with
\DeclareUnicodeCharacter 


! LaTeX Error: Unicode character —Ö (U+0445)
               not set up for use with LaTeX.

See the LaTeX manual or LaTeX Companion for explanation.
Type  H <return>  for immediate help.
 ...                                              
                                                  
l.4 ...—Ç—ã —Å–æ–∑–¥–∞–Ω–∏—è –±–∞–∑—ã –¥–∞–Ω–Ω—ã—Ö
                                                  , —Å–æ–∑–¥–∞–Ω–∏—è —Ç–∞–±–...

You may provide a definition with
\DeclareUnicodeCharacter 

Missing character: There is no , in font nullfont!

! LaTeX Error: Unicode character —Å (U+0441)
               not set up for use with LaTeX.

See the LaTeX manual or LaTeX Companion for explanation.
Type  H <return>  for immediate help.
 ...                                              
                                                  
l.4 ... —Å–æ–∑–¥–∞–Ω–∏—è –±–∞–∑—ã –¥–∞–Ω–Ω—ã—Ö, —Å
                                                  –æ–∑–¥–∞–Ω–∏—è —Ç–∞–±–ª–∏—...

You may provide a definition with
\DeclareUnicodeCharacter 


! LaTeX Error: Unicode character –æ (U+043E)
               not set up for use with LaTeX.

See the LaTeX manual or LaTeX Companion for explanation.
Type  H <return>  for immediate help.
 ...                                              
                                                  
l.4 ...Å–æ–∑–¥–∞–Ω–∏—è –±–∞–∑—ã –¥–∞–Ω–Ω—ã—Ö, —Å–æ
                                                  –∑–¥–∞–Ω–∏—è —Ç–∞–±–ª–∏—Ü,...

You may provide a definition with
\DeclareUnicodeCharacter 


! LaTeX Error: Unicode character –∑ (U+0437)
               not set up for use with LaTeX.

See the LaTeX manual or LaTeX Companion for explanation.
Type  H <return>  for immediate help.
 ...                                              
                                                  
l.4 ...æ–∑–¥–∞–Ω–∏—è –±–∞–∑—ã –¥–∞–Ω–Ω—ã—Ö, —Å–æ–∑
                                                  –¥–∞–Ω–∏—è —Ç–∞–±–ª–∏—Ü, —...

You may provide a definition with
\DeclareUnicodeCharacter 


! LaTeX Error: Unicode character –¥ (U+0434)
               not set up for use with LaTeX.

See the LaTeX manual or LaTeX Companion for explanation.
Type  H <return>  for immediate help.
 ...                                              
                                                  
l.4 ...∑–¥–∞–Ω–∏—è –±–∞–∑—ã –¥–∞–Ω–Ω—ã—Ö, —Å–æ–∑–¥
                                                  –∞–Ω–∏—è —Ç–∞–±–ª–∏—Ü, —É—...

You may provide a definition with
\DeclareUnicodeCharacter 


! LaTeX Error: Unicode character –∞ (U+0430)
               not set up for use with LaTeX.

See the LaTeX manual or LaTeX Companion for explanation.
Type  H <return>  for immediate help.
 ...                                              
                                                  
l.4 ...¥–∞–Ω–∏—è –±–∞–∑—ã –¥–∞–Ω–Ω—ã—Ö, —Å–æ–∑–¥–∞
                                                  –Ω–∏—è —Ç–∞–±–ª–∏—Ü, —É—Å—...

You may provide a definition with
\DeclareUnicodeCharacter 


! LaTeX Error: Unicode character –Ω (U+043D)
               not set up for use with LaTeX.

See the LaTeX manual or LaTeX Companion for explanation.
Type  H <return>  for immediate help.
 ...                                              
                                                  
l.4 ...∞–Ω–∏—è –±–∞–∑—ã –¥–∞–Ω–Ω—ã—Ö, —Å–æ–∑–¥–∞–Ω
                                                  –∏—è —Ç–∞–±–ª–∏—Ü, —É—Å—Ç–...

You may provide a definition with
\DeclareUnicodeCharacter 


! LaTeX Error: Unicode character –∏ (U+0438)
               not set up for use with LaTeX.

See the LaTeX manual or LaTeX Companion for explanation.
Type  H <return>  for immediate help.
 ...                                              
                                                  
l.4 ...Ω–∏—è –±–∞–∑—ã –¥–∞–Ω–Ω—ã—Ö, —Å–æ–∑–¥–∞–Ω–∏
                                                  —è —Ç–∞–±–ª–∏—Ü, —É—Å—Ç–∞–...

You may provide a definition with
\DeclareUnicodeCharacter 


! LaTeX Error: Unicode character —è (U+044F)
               not set up for use with LaTeX.

See the LaTeX manual or LaTeX Companion for explanation.
Type  H <return>  for immediate help.
 ...                                              
                                                  
l.4 ...∏—è –±–∞–∑—ã –¥–∞–Ω–Ω—ã—Ö, —Å–æ–∑–¥–∞–Ω–∏—è
                                                   —Ç–∞–±–ª–∏—Ü, —É—Å—Ç–∞–Ω–...

You may provide a definition with
\DeclareUnicodeCharacter 


! LaTeX Error: Unicode character —Ç (U+0442)
               not set up for use with LaTeX.

See the LaTeX manual or LaTeX Companion for explanation.
Type  H <return>  for immediate help.
 ...                                              
                                                  
l.4 ... –±–∞–∑—ã –¥–∞–Ω–Ω—ã—Ö, —Å–æ–∑–¥–∞–Ω–∏—è —Ç
                                                  –∞–±–ª–∏—Ü, —É—Å—Ç–∞–Ω–æ–≤...

You may provide a definition with
\DeclareUnicodeCharacter 


! LaTeX Error: Unicode character –∞ (U+0430)
               not set up for use with LaTeX.

See the LaTeX manual or LaTeX Companion for explanation.
Type  H <return>  for immediate help.
 ...                                              
                                                  
l.4 ...±–∞–∑—ã –¥–∞–Ω–Ω—ã—Ö, —Å–æ–∑–¥–∞–Ω–∏—è —Ç–∞
                                                  –±–ª–∏—Ü, —É—Å—Ç–∞–Ω–æ–≤–∫...

You may provide a definition with
\DeclareUnicodeCharacter 


! LaTeX Error: Unicode character –± (U+0431)
               not set up for use with LaTeX.

See the LaTeX manual or LaTeX Companion for explanation.
Type  H <return>  for immediate help.
 ...                                              
                                                  
l.4 ...∞–∑—ã –¥–∞–Ω–Ω—ã—Ö, —Å–æ–∑–¥–∞–Ω–∏—è —Ç–∞–±
                                                  –ª–∏—Ü, —É—Å—Ç–∞–Ω–æ–≤–∫–∏...

You may provide a definition with
\DeclareUnicodeCharacter 


! LaTeX Error: Unicode character –ª (U+043B)
               not set up for use with LaTeX.

See the LaTeX manual or LaTeX Companion for explanation.
Type  H <return>  for immediate help.
 ...                                              
                                                  
l.4 ...∑—ã –¥–∞–Ω–Ω—ã—Ö, —Å–æ–∑–¥–∞–Ω–∏—è —Ç–∞–±–ª
                                                  –∏—Ü, —É—Å—Ç–∞–Ω–æ–≤–∫–∏ –...

You may provide a definition with
\DeclareUnicodeCharacter 


! LaTeX Error: Unicode character –∏ (U+0438)
               not set up for use with LaTeX.

See the LaTeX manual or LaTeX Companion for explanation.
Type  H <return>  for immediate help.
 ...                                              
                                                  
l.4 ...ã –¥–∞–Ω–Ω—ã—Ö, —Å–æ–∑–¥–∞–Ω–∏—è —Ç–∞–±–ª–∏
                                                  —Ü, —É—Å—Ç–∞–Ω–æ–≤–∫–∏ –æ–...

You may provide a definition with
\DeclareUnicodeCharacter 


! LaTeX Error: Unicode character —Ü (U+0446)
               not set up for use with LaTeX.

See the LaTeX manual or LaTeX Companion for explanation.
Type  H <return>  for immediate help.
 ...                                              
                                                  
l.4 ...–¥–∞–Ω–Ω—ã—Ö, —Å–æ–∑–¥–∞–Ω–∏—è —Ç–∞–±–ª–∏—Ü
                                                  , —É—Å—Ç–∞–Ω–æ–≤–∫–∏ –æ–≥—...

You may provide a definition with
\DeclareUnicodeCharacter 

Missing character: There is no , in font nullfont!

! LaTeX Error: Unicode character —É (U+0443)
               not set up for use with LaTeX.

See the LaTeX manual or LaTeX Companion for explanation.
Type  H <return>  for immediate help.
 ...                                              
                                                  
l.4 ...–Ω–Ω—ã—Ö, —Å–æ–∑–¥–∞–Ω–∏—è —Ç–∞–±–ª–∏—Ü, —É
                                                  —Å—Ç–∞–Ω–æ–≤–∫–∏ –æ–≥—Ä–∞–...

You may provide a definition with
\DeclareUnicodeCharacter 


! LaTeX Error: Unicode character —Å (U+0441)
               not set up for use with LaTeX.

See the LaTeX manual or LaTeX Companion for explanation.
Type  H <return>  for immediate help.
 ...                                              
                                                  
l.4 ...–Ω—ã—Ö, —Å–æ–∑–¥–∞–Ω–∏—è —Ç–∞–±–ª–∏—Ü, —É—Å
                                                  —Ç–∞–Ω–æ–≤–∫–∏ –æ–≥—Ä–∞–Ω–...

You may provide a definition with
\DeclareUnicodeCharacter 


! LaTeX Error: Unicode character —Ç (U+0442)
               not set up for use with LaTeX.

See the LaTeX manual or LaTeX Companion for explanation.
Type  H <return>  for immediate help.
 ...                                              
                                                  
l.4 ...—ã—Ö, —Å–æ–∑–¥–∞–Ω–∏—è —Ç–∞–±–ª–∏—Ü, —É—Å—Ç
                                                  –∞–Ω–æ–≤–∫–∏ –æ–≥—Ä–∞–Ω–∏—...

You may provide a definition with
\DeclareUnicodeCharacter 


! LaTeX Error: Unicode character –∞ (U+0430)
               not set up for use with LaTeX.

See the LaTeX manual or LaTeX Companion for explanation.
Type  H <return>  for immediate help.
 ...                                              
                                                  
l.4 ...—Ö, —Å–æ–∑–¥–∞–Ω–∏—è —Ç–∞–±–ª–∏—Ü, —É—Å—Ç–∞
                                                  –Ω–æ–≤–∫–∏ –æ–≥—Ä–∞–Ω–∏—á–...

You may provide a definition with
\DeclareUnicodeCharacter 


! LaTeX Error: Unicode character –Ω (U+043D)
               not set up for use with LaTeX.

See the LaTeX manual or LaTeX Companion for explanation.
Type  H <return>  for immediate help.
 ...                                              
                                                  
l.4 ..., —Å–æ–∑–¥–∞–Ω–∏—è —Ç–∞–±–ª–∏—Ü, —É—Å—Ç–∞–Ω
                                                  –æ–≤–∫–∏ –æ–≥—Ä–∞–Ω–∏—á–µ–...

You may provide a definition with
\DeclareUnicodeCharacter 


! LaTeX Error: Unicode character –æ (U+043E)
               not set up for use with LaTeX.

See the LaTeX manual or LaTeX Companion for explanation.
Type  H <return>  for immediate help.
 ...                                              
                                                  
l.4 ...—Å–æ–∑–¥–∞–Ω–∏—è —Ç–∞–±–ª–∏—Ü, —É—Å—Ç–∞–Ω–æ
                                                  –≤–∫–∏ –æ–≥—Ä–∞–Ω–∏—á–µ–Ω–...

You may provide a definition with
\DeclareUnicodeCharacter 


! LaTeX Error: Unicode character –≤ (U+0432)
               not set up for use with LaTeX.

See the LaTeX manual or LaTeX Companion for explanation.
Type  H <return>  for immediate help.
 ...                                              
                                                  
l.4 ...–æ–∑–¥–∞–Ω–∏—è —Ç–∞–±–ª–∏—Ü, —É—Å—Ç–∞–Ω–æ–≤
                                                  –∫–∏ –æ–≥—Ä–∞–Ω–∏—á–µ–Ω–∏–...

You may provide a definition with
\DeclareUnicodeCharacter 


! LaTeX Error: Unicode character –∫ (U+043A)
               not set up for use with LaTeX.

See the LaTeX manual or LaTeX Companion for explanation.
Type  H <return>  for immediate help.
 ...                                              
                                                  
l.4 ...–∑–¥–∞–Ω–∏—è —Ç–∞–±–ª–∏—Ü, —É—Å—Ç–∞–Ω–æ–≤–∫
                                                  –∏ –æ–≥—Ä–∞–Ω–∏—á–µ–Ω–∏–π,...

You may provide a definition with
\DeclareUnicodeCharacter 


! LaTeX Error: Unicode character –∏ (U+0438)
               not set up for use with LaTeX.

See the LaTeX manual or LaTeX Companion for explanation.
Type  H <return>  for immediate help.
 ...                                              
                                                  
l.4 ...–¥–∞–Ω–∏—è —Ç–∞–±–ª–∏—Ü, —É—Å—Ç–∞–Ω–æ–≤–∫–∏
                                                   –æ–≥—Ä–∞–Ω–∏—á–µ–Ω–∏–π, —...

You may provide a definition with
\DeclareUnicodeCharacter 


! LaTeX Error: Unicode character –æ (U+043E)
               not set up for use with LaTeX.

See the LaTeX manual or LaTeX Companion for explanation.
Type  H <return>  for immediate help.
 ...                                              
                                                  
l.4 ...∞–Ω–∏—è —Ç–∞–±–ª–∏—Ü, —É—Å—Ç–∞–Ω–æ–≤–∫–∏ –æ
                                                  –≥—Ä–∞–Ω–∏—á–µ–Ω–∏–π, —Å–æ...

You may provide a definition with
\DeclareUnicodeCharacter 


! LaTeX Error: Unicode character –≥ (U+0433)
               not set up for use with LaTeX.

See the LaTeX manual or LaTeX Companion for explanation.
Type  H <return>  for immediate help.
 ...                                              
                                                  
l.4 ...Ω–∏—è —Ç–∞–±–ª–∏—Ü, —É—Å—Ç–∞–Ω–æ–≤–∫–∏ –æ–≥
                                                  —Ä–∞–Ω–∏—á–µ–Ω–∏–π, —Å–æ–∑...

You may provide a definition with
\DeclareUnicodeCharacter 


! LaTeX Error: Unicode character —Ä (U+0440)
               not set up for use with LaTeX.

See the LaTeX manual or LaTeX Companion for explanation.
Type  H <return>  for immediate help.
 ...                                              
                                                  
l.4 ...∏—è —Ç–∞–±–ª–∏—Ü, —É—Å—Ç–∞–Ω–æ–≤–∫–∏ –æ–≥—Ä
                                                  –∞–Ω–∏—á–µ–Ω–∏–π, —Å–æ–∑–¥...

You may provide a definition with
\DeclareUnicodeCharacter 


! LaTeX Error: Unicode character –∞ (U+0430)
               not set up for use with LaTeX.

See the LaTeX manual or LaTeX Companion for explanation.
Type  H <return>  for immediate help.
 ...                                              
                                                  
l.4 ...è —Ç–∞–±–ª–∏—Ü, —É—Å—Ç–∞–Ω–æ–≤–∫–∏ –æ–≥—Ä–∞
                                                  –Ω–∏—á–µ–Ω–∏–π, —Å–æ–∑–¥–∞...

You may provide a definition with
\DeclareUnicodeCharacter 


! LaTeX Error: Unicode character –Ω (U+043D)
               not set up for use with LaTeX.

See the LaTeX manual or LaTeX Companion for explanation.
Type  H <return>  for immediate help.
 ...                                              
                                                  
l.4 ...—Ç–∞–±–ª–∏—Ü, —É—Å—Ç–∞–Ω–æ–≤–∫–∏ –æ–≥—Ä–∞–Ω
                                                  –∏—á–µ–Ω–∏–π, —Å–æ–∑–¥–∞–Ω...

You may provide a definition with
\DeclareUnicodeCharacter 


! LaTeX Error: Unicode character –∏ (U+0438)
               not set up for use with LaTeX.

See the LaTeX manual or LaTeX Companion for explanation.
Type  H <return>  for immediate help.
 ...                                              
                                                  
l.4 ...–∞–±–ª–∏—Ü, —É—Å—Ç–∞–Ω–æ–≤–∫–∏ –æ–≥—Ä–∞–Ω–∏
                                                  —á–µ–Ω–∏–π, —Å–æ–∑–¥–∞–Ω–∏...

You may provide a definition with
\DeclareUnicodeCharacter 


! LaTeX Error: Unicode character —á (U+0447)
               not set up for use with LaTeX.

See the LaTeX manual or LaTeX Companion for explanation.
Type  H <return>  for immediate help.
 ...                                              
                                                  
l.4 ...–±–ª–∏—Ü, —É—Å—Ç–∞–Ω–æ–≤–∫–∏ –æ–≥—Ä–∞–Ω–∏—á
                                                  –µ–Ω–∏–π, —Å–æ–∑–¥–∞–Ω–∏—è...

You may provide a definition with
\DeclareUnicodeCharacter 


! LaTeX Error: Unicode character –µ (U+0435)
               not set up for use with LaTeX.

See the LaTeX manual or LaTeX Companion for explanation.
Type  H <return>  for immediate help.
 ...                                              
                                                  
l.4 ...–ª–∏—Ü, —É—Å—Ç–∞–Ω–æ–≤–∫–∏ –æ–≥—Ä–∞–Ω–∏—á–µ
                                                  –Ω–∏–π, —Å–æ–∑–¥–∞–Ω–∏—è —...

You may provide a definition with
\DeclareUnicodeCharacter 


! LaTeX Error: Unicode character –Ω (U+043D)
               not set up for use with LaTeX.

See the LaTeX manual or LaTeX Companion for explanation.
Type  H <return>  for immediate help.
 ...                                              
                                                  
l.4 ...–∏—Ü, —É—Å—Ç–∞–Ω–æ–≤–∫–∏ –æ–≥—Ä–∞–Ω–∏—á–µ–Ω
                                                  –∏–π, —Å–æ–∑–¥–∞–Ω–∏—è —Ä–...

You may provide a definition with
\DeclareUnicodeCharacter 


! LaTeX Error: Unicode character –∏ (U+0438)
               not set up for use with LaTeX.

See the LaTeX manual or LaTeX Companion for explanation.
Type  H <return>  for immediate help.
 ...                                              
                                                  
l.4 ...—Ü, —É—Å—Ç–∞–Ω–æ–≤–∫–∏ –æ–≥—Ä–∞–Ω–∏—á–µ–Ω–∏
                                                  –π, —Å–æ–∑–¥–∞–Ω–∏—è —Ä–æ–...

You may provide a definition with
\DeclareUnicodeCharacter 


! LaTeX Error: Unicode character –π (U+0439)
               not set up for use with LaTeX.

See the LaTeX manual or LaTeX Companion for explanation.
Type  H <return>  for immediate help.
 ...                                              
                                                  
l.4 ..., —É—Å—Ç–∞–Ω–æ–≤–∫–∏ –æ–≥—Ä–∞–Ω–∏—á–µ–Ω–∏–π
                                                  , —Å–æ–∑–¥–∞–Ω–∏—è —Ä–æ–ª–...

You may provide a definition with
\DeclareUnicodeCharacter 

Missing character: There is no , in font nullfont!

! LaTeX Error: Unicode character —Å (U+0441)
               not set up for use with LaTeX.

See the LaTeX manual or LaTeX Companion for explanation.
Type  H <return>  for immediate help.
 ...                                              
                                                  
l.4 ...—Å—Ç–∞–Ω–æ–≤–∫–∏ –æ–≥—Ä–∞–Ω–∏—á–µ–Ω–∏–π, —Å
                                                  –æ–∑–¥–∞–Ω–∏—è —Ä–æ–ª–µ–≤–...

You may provide a definition with
\DeclareUnicodeCharacter 


! LaTeX Error: Unicode character –æ (U+043E)
               not set up for use with LaTeX.

See the LaTeX manual or LaTeX Companion for explanation.
Type  H <return>  for immediate help.
 ...                                              
                                                  
l.4 ...—Ç–∞–Ω–æ–≤–∫–∏ –æ–≥—Ä–∞–Ω–∏—á–µ–Ω–∏–π, —Å–æ
                                                  –∑–¥–∞–Ω–∏—è —Ä–æ–ª–µ–≤–æ–...

You may provide a definition with
\DeclareUnicodeCharacter 


! LaTeX Error: Unicode character –∑ (U+0437)
               not set up for use with LaTeX.

See the LaTeX manual or LaTeX Companion for explanation.
Type  H <return>  for immediate help.
 ...                                              
                                                  
l.4 ...–∞–Ω–æ–≤–∫–∏ –æ–≥—Ä–∞–Ω–∏—á–µ–Ω–∏–π, —Å–æ–∑
                                                  –¥–∞–Ω–∏—è —Ä–æ–ª–µ–≤–æ–π ...

You may provide a definition with
\DeclareUnicodeCharacter 


! LaTeX Error: Unicode character –¥ (U+0434)
               not set up for use with LaTeX.

See the LaTeX manual or LaTeX Companion for explanation.
Type  H <return>  for immediate help.
 ...                                              
                                                  
l.4 ...–Ω–æ–≤–∫–∏ –æ–≥—Ä–∞–Ω–∏—á–µ–Ω–∏–π, —Å–æ–∑–¥
                                                  –∞–Ω–∏—è —Ä–æ–ª–µ–≤–æ–π –º...

You may provide a definition with
\DeclareUnicodeCharacter 


! LaTeX Error: Unicode character –∞ (U+0430)
               not set up for use with LaTeX.

See the LaTeX manual or LaTeX Companion for explanation.
Type  H <return>  for immediate help.
 ...                                              
                                                  
l.4 ...–æ–≤–∫–∏ –æ–≥—Ä–∞–Ω–∏—á–µ–Ω–∏–π, —Å–æ–∑–¥–∞
                                                  –Ω–∏—è —Ä–æ–ª–µ–≤–æ–π –º–æ...

You may provide a definition with
\DeclareUnicodeCharacter 


! LaTeX Error: Unicode character –Ω (U+043D)
               not set up for use with LaTeX.

See the LaTeX manual or LaTeX Companion for explanation.
Type  H <return>  for immediate help.
 ...                                              
                                                  
l.4 ...–≤–∫–∏ –æ–≥—Ä–∞–Ω–∏—á–µ–Ω–∏–π, —Å–æ–∑–¥–∞–Ω
                                                  –∏—è —Ä–æ–ª–µ–≤–æ–π –º–æ–¥...

You may provide a definition with
\DeclareUnicodeCharacter 


! LaTeX Error: Unicode character –∏ (U+0438)
               not set up for use with LaTeX.

See the LaTeX manual or LaTeX Companion for explanation.
Type  H <return>  for immediate help.
 ...                                              
                                                  
l.4 ...–∫–∏ –æ–≥—Ä–∞–Ω–∏—á–µ–Ω–∏–π, —Å–æ–∑–¥–∞–Ω–∏
                                                  —è —Ä–æ–ª–µ–≤–æ–π –º–æ–¥–µ...

You may provide a definition with
\DeclareUnicodeCharacter 


! LaTeX Error: Unicode character —è (U+044F)
               not set up for use with LaTeX.

See the LaTeX manual or LaTeX Companion for explanation.
Type  H <return>  for immediate help.
 ...                                              
                                                  
l.4 ...–∏ –æ–≥—Ä–∞–Ω–∏—á–µ–Ω–∏–π, —Å–æ–∑–¥–∞–Ω–∏—è
                                                   —Ä–æ–ª–µ–≤–æ–π –º–æ–¥–µ–ª...

You may provide a definition with
\DeclareUnicodeCharacter 


! LaTeX Error: Unicode character —Ä (U+0440)
               not set up for use with LaTeX.

See the LaTeX manual or LaTeX Companion for explanation.
Type  H <return>  for immediate help.
 ...                                              
                                                  
l.4 ...–æ–≥—Ä–∞–Ω–∏—á–µ–Ω–∏–π, —Å–æ–∑–¥–∞–Ω–∏—è —Ä
                                                  –æ–ª–µ–≤–æ–π –º–æ–¥–µ–ª–∏,...

You may provide a definition with
\DeclareUnicodeCharacter 


! LaTeX Error: Unicode character –æ (U+043E)
               not set up for use with LaTeX.

See the LaTeX manual or LaTeX Companion for explanation.
Type  H <return>  for immediate help.
 ...                                              
                                                  
l.4 ...–≥—Ä–∞–Ω–∏—á–µ–Ω–∏–π, —Å–æ–∑–¥–∞–Ω–∏—è —Ä–æ
                                                  –ª–µ–≤–æ–π –º–æ–¥–µ–ª–∏, —...

You may provide a definition with
\DeclareUnicodeCharacter 


! LaTeX Error: Unicode character –ª (U+043B)
               not set up for use with LaTeX.

See the LaTeX manual or LaTeX Companion for explanation.
Type  H <return>  for immediate help.
 ...                                              
                                                  
l.4 ...—Ä–∞–Ω–∏—á–µ–Ω–∏–π, —Å–æ–∑–¥–∞–Ω–∏—è —Ä–æ–ª
                                                  –µ–≤–æ–π –º–æ–¥–µ–ª–∏, —Å–...

You may provide a definition with
\DeclareUnicodeCharacter 


! LaTeX Error: Unicode character –µ (U+0435)
               not set up for use with LaTeX.

See the LaTeX manual or LaTeX Companion for explanation.
Type  H <return>  for immediate help.
 ...                                              
                                                  
l.4 ...–∞–Ω–∏—á–µ–Ω–∏–π, —Å–æ–∑–¥–∞–Ω–∏—è —Ä–æ–ª–µ
                                                  –≤–æ–π –º–æ–¥–µ–ª–∏, —Å–æ–...

You may provide a definition with
\DeclareUnicodeCharacter 


! LaTeX Error: Unicode character –≤ (U+0432)
               not set up for use with LaTeX.

See the LaTeX manual or LaTeX Companion for explanation.
Type  H <return>  for immediate help.
 ...                                              
                                                  
l.4 ...–Ω–∏—á–µ–Ω–∏–π, —Å–æ–∑–¥–∞–Ω–∏—è —Ä–æ–ª–µ–≤
                                                  –æ–π –º–æ–¥–µ–ª–∏, —Å–æ–∑–...

You may provide a definition with
\DeclareUnicodeCharacter 


! LaTeX Error: Unicode character –æ (U+043E)
               not set up for use with LaTeX.

See the LaTeX manual or LaTeX Companion for explanation.
Type  H <return>  for immediate help.
 ...                                              
                                                  
l.4 ...–∏—á–µ–Ω–∏–π, —Å–æ–∑–¥–∞–Ω–∏—è —Ä–æ–ª–µ–≤–æ
                                                  –π –º–æ–¥–µ–ª–∏, —Å–æ–∑–¥–...

You may provide a definition with
\DeclareUnicodeCharacter 


! LaTeX Error: Unicode character –π (U+0439)
               not set up for use with LaTeX.

See the LaTeX manual or LaTeX Companion for explanation.
Type  H <return>  for immediate help.
 ...                                              
                                                  
l.4 ...—á–µ–Ω–∏–π, —Å–æ–∑–¥–∞–Ω–∏—è —Ä–æ–ª–µ–≤–æ–π
                                                   –º–æ–¥–µ–ª–∏, —Å–æ–∑–¥–∞–...

You may provide a definition with
\DeclareUnicodeCharacter 


! LaTeX Error: Unicode character –º (U+043C)
               not set up for use with LaTeX.

See the LaTeX manual or LaTeX Companion for explanation.
Type  H <return>  for immediate help.
 ...                                              
                                                  
l.4 ...µ–Ω–∏–π, —Å–æ–∑–¥–∞–Ω–∏—è —Ä–æ–ª–µ–≤–æ–π –º
                                                  –æ–¥–µ–ª–∏, —Å–æ–∑–¥–∞–Ω–∏...

You may provide a definition with
\DeclareUnicodeCharacter 


! LaTeX Error: Unicode character –æ (U+043E)
               not set up for use with LaTeX.

See the LaTeX manual or LaTeX Companion for explanation.
Type  H <return>  for immediate help.
 ...                                              
                                                  
l.4 ...Ω–∏–π, —Å–æ–∑–¥–∞–Ω–∏—è —Ä–æ–ª–µ–≤–æ–π –º–æ
                                                  –¥–µ–ª–∏, —Å–æ–∑–¥–∞–Ω–∏—è...

You may provide a definition with
\DeclareUnicodeCharacter 


! LaTeX Error: Unicode character –¥ (U+0434)
               not set up for use with LaTeX.

See the LaTeX manual or LaTeX Companion for explanation.
Type  H <return>  for immediate help.
 ...                                              
                                                  
l.4 ...∏–π, —Å–æ–∑–¥–∞–Ω–∏—è —Ä–æ–ª–µ–≤–æ–π –º–æ–¥
                                                  –µ–ª–∏, —Å–æ–∑–¥–∞–Ω–∏—è —...

You may provide a definition with
\DeclareUnicodeCharacter 


! LaTeX Error: Unicode character –µ (U+0435)
               not set up for use with LaTeX.

See the LaTeX manual or LaTeX Companion for explanation.
Type  H <return>  for immediate help.
 ...                                              
                                                  
l.4 ...π, —Å–æ–∑–¥–∞–Ω–∏—è —Ä–æ–ª–µ–≤–æ–π –º–æ–¥–µ
                                                  –ª–∏, —Å–æ–∑–¥–∞–Ω–∏—è —Ç—...

You may provide a definition with
\DeclareUnicodeCharacter 


! LaTeX Error: Unicode character –ª (U+043B)
               not set up for use with LaTeX.

See the LaTeX manual or LaTeX Companion for explanation.
Type  H <return>  for immediate help.
 ...                                              
                                                  
l.4 ... —Å–æ–∑–¥–∞–Ω–∏—è —Ä–æ–ª–µ–≤–æ–π –º–æ–¥–µ–ª
                                                  –∏, —Å–æ–∑–¥–∞–Ω–∏—è —Ç—Ä–...

You may provide a definition with
\DeclareUnicodeCharacter 


! LaTeX Error: Unicode character –∏ (U+0438)
               not set up for use with LaTeX.

See the LaTeX manual or LaTeX Companion for explanation.
Type  H <return>  for immediate help.
 ...                                              
                                                  
l.4 ...Å–æ–∑–¥–∞–Ω–∏—è —Ä–æ–ª–µ–≤–æ–π –º–æ–¥–µ–ª–∏
                                                  , —Å–æ–∑–¥–∞–Ω–∏—è —Ç—Ä–∏–...

You may provide a definition with
\DeclareUnicodeCharacter 

Missing character: There is no , in font nullfont!

! LaTeX Error: Unicode character —Å (U+0441)
               not set up for use with LaTeX.

See the LaTeX manual or LaTeX Companion for explanation.
Type  H <return>  for immediate help.
 ...                                              
                                                  
l.4 ...∑–¥–∞–Ω–∏—è —Ä–æ–ª–µ–≤–æ–π –º–æ–¥–µ–ª–∏, —Å
                                                  –æ–∑–¥–∞–Ω–∏—è —Ç—Ä–∏–≥–≥–...

You may provide a definition with
\DeclareUnicodeCharacter 


! LaTeX Error: Unicode character –æ (U+043E)
               not set up for use with LaTeX.

See the LaTeX manual or LaTeX Companion for explanation.
Type  H <return>  for immediate help.
 ...                                              
                                                  
l.4 ...¥–∞–Ω–∏—è —Ä–æ–ª–µ–≤–æ–π –º–æ–¥–µ–ª–∏, —Å–æ
                                                  –∑–¥–∞–Ω–∏—è —Ç—Ä–∏–≥–≥–µ—...

You may provide a definition with
\DeclareUnicodeCharacter 


! LaTeX Error: Unicode character –∑ (U+0437)
               not set up for use with LaTeX.

See the LaTeX manual or LaTeX Companion for explanation.
Type  H <return>  for immediate help.
 ...                                              
                                                  
l.4 ...∞–Ω–∏—è —Ä–æ–ª–µ–≤–æ–π –º–æ–¥–µ–ª–∏, —Å–æ–∑
                                                  –¥–∞–Ω–∏—è —Ç—Ä–∏–≥–≥–µ—Ä–...

You may provide a definition with
\DeclareUnicodeCharacter 


! LaTeX Error: Unicode character –¥ (U+0434)
               not set up for use with LaTeX.

See the LaTeX manual or LaTeX Companion for explanation.
Type  H <return>  for immediate help.
 ...                                              
                                                  
l.4 ...Ω–∏—è —Ä–æ–ª–µ–≤–æ–π –º–æ–¥–µ–ª–∏, —Å–æ–∑–¥
                                                  –∞–Ω–∏—è —Ç—Ä–∏–≥–≥–µ—Ä–∞,...

You may provide a definition with
\DeclareUnicodeCharacter 


! LaTeX Error: Unicode character –∞ (U+0430)
               not set up for use with LaTeX.

See the LaTeX manual or LaTeX Companion for explanation.
Type  H <return>  for immediate help.
 ...                                              
                                                  
l.4 ...∏—è —Ä–æ–ª–µ–≤–æ–π –º–æ–¥–µ–ª–∏, —Å–æ–∑–¥–∞
                                                  –Ω–∏—è —Ç—Ä–∏–≥–≥–µ—Ä–∞, –...
(That makes 100 errors; please try again.) 
Here is how much of TeX's memory you used:
 48 strings out of 478287
 786 string characters out of 5849289
 289007 words of memory out of 5000000
 18343 multiletter control sequences out of 15000+600000
 469567 words of font info for 29 fonts, out of 8000000 for 9000
 1141 hyphenation exceptions out of 8191
 17i,2n,15p,422b,105s stack positions out of 5000i,500n,10000p,200000b,80000s

!  ==> Fatal error occurred, no output PDF file produced!
